Copyright 1986-2022 Xilinx, Inc. All Rights Reserved. Copyright 2022-2024 Advanced Micro Devices, Inc. All Rights Reserved.
---------------------------------------------------------------------------------------------------------------------------------------------
| Tool Version : Vivado v.2024.2 (win64) Build 5239630 Fri Nov 08 22:35:27 MST 2024
| Date         : Tue Oct 28 18:30:08 2025
| Host         : DESKTOP-F8FSP4G running 64-bit major release  (build 9200)
| Command      : report_control_sets -verbose -file ALU_UART_INTFC_control_sets_placed.rpt
| Design       : ALU_UART_INTFC
| Device       : xc7a35t
---------------------------------------------------------------------------------------------------------------------------------------------

Control Set Information

Table of Contents
-----------------
1. Summary
2. Histogram
3. Flip-Flop Distribution
4. Detailed Control Set Information

1. Summary
----------

+----------------------------------------------------------+-------+
|                          Status                          | Count |
+----------------------------------------------------------+-------+
| Total control sets                                       |    10 |
|    Minimum number of control sets                        |    10 |
|    Addition due to synthesis replication                 |     0 |
|    Addition due to physical synthesis replication        |     0 |
| Unused register locations in slices containing registers |    22 |
+----------------------------------------------------------+-------+
* Control sets can be merged at opt_design using control_set_merge or merge_equivalent_drivers
** Run report_qor_suggestions for automated merging and remapping suggestions


2. Histogram
------------

+--------------------+-------+
|       Fanout       | Count |
+--------------------+-------+
| Total control sets |    10 |
| >= 0 to < 4        |     1 |
| >= 4 to < 6        |     2 |
| >= 6 to < 8        |     0 |
| >= 8 to < 10       |     6 |
| >= 10 to < 12      |     0 |
| >= 12 to < 14      |     0 |
| >= 14 to < 16      |     0 |
| >= 16              |     1 |
+--------------------+-------+
* Control sets can be remapped at either synth_design or opt_design


3. Flip-Flop Distribution
-------------------------

+--------------+-----------------------+------------------------+-----------------+--------------+
| Clock Enable | Synchronous Set/Reset | Asynchronous Set/Reset | Total Registers | Total Slices |
+--------------+-----------------------+------------------------+-----------------+--------------+
| No           | No                    | No                     |               0 |            0 |
| No           | No                    | Yes                    |               0 |            0 |
| No           | Yes                   | No                     |              49 |           14 |
| Yes          | No                    | No                     |              24 |            7 |
| Yes          | No                    | Yes                    |               0 |            0 |
| Yes          | Yes                   | No                     |              33 |            9 |
+--------------+-----------------------+------------------------+-----------------+--------------+


4. Detailed Control Set Information
-----------------------------------

+----------------+------------------------+------------------+------------------+----------------+--------------+
|  Clock Signal  |      Enable Signal     | Set/Reset Signal | Slice Load Count | Bel Load Count | Bels / Slice |
+----------------+------------------------+------------------+------------------+----------------+--------------+
|  clk_IBUF_BUFG | UART/TX/tx_reg_i_1_n_0 | reset_IBUF       |                1 |              1 |         1.00 |
|  clk_IBUF_BUFG | UART/RX/s_next         | reset_IBUF       |                2 |              4 |         2.00 |
|  clk_IBUF_BUFG | UART/TX/s_next         | reset_IBUF       |                1 |              4 |         4.00 |
|  clk_IBUF_BUFG | inter/flag_op2         |                  |                2 |              8 |         4.00 |
|  clk_IBUF_BUFG | inter/flag_op_code     |                  |                3 |              8 |         2.67 |
|  clk_IBUF_BUFG | inter/flag_op1         |                  |                2 |              8 |         4.00 |
|  clk_IBUF_BUFG | UART/RX/rx_done_tick   | reset_IBUF       |                2 |              8 |         4.00 |
|  clk_IBUF_BUFG | UART/RX/b_next_0       | reset_IBUF       |                1 |              8 |         8.00 |
|  clk_IBUF_BUFG | UART/TX/b_next         | reset_IBUF       |                2 |              8 |         4.00 |
|  clk_IBUF_BUFG |                        | reset_IBUF       |               14 |             49 |         3.50 |
+----------------+------------------------+------------------+------------------+----------------+--------------+


