Vivado Simulator 2020.2
Time resolution is 1 ps
XOR correcto ->  70 ^ 168 = 238 
SUB correcto -> 202 -  92 = 110 
OR correcto ->  90 | 163 = 251 
ADD correcto -> 137 + 109 = 246 
SRA correcto ->  60 >>> 199 =   0 
SRA correcto -> 152 >>>  80 = 255 
XOR correcto ->  81 ^ 141 = 220 
SUB correcto -> 172 -  37 = 135 
SUB correcto -> 117 - 118 = 255 
SRA correcto ->   5 >>>  35 =   0 
SRL correcto -> 229 >> 152 =   0 
OR correcto ->  83 | 157 = 223 
XOR correcto -> 230 ^ 130 = 100 
SRL correcto -> 239 >> 213 =   0 
SRL correcto ->  28 >> 187 =   0 
OR correcto -> 224 | 171 = 235 
OR correcto ->  66 | 199 = 199 
SRA correcto ->  38 >>> 167 =   0 
XOR correcto -> 223 ^ 233 =  54 
XOR correcto ->  84 ^  15 =  91 
SRL correcto -> 116 >> 239 =   0 
OR correcto ->  91 |  67 =  91 
